[2017-04-10 16:26:56,227] [INFO] basehttp : "GET / HTTP/1.1" 200 1471
[2017-04-10 16:26:56,227] [INFO] basehttp : "GET / HTTP/1.1" 200 1471
[2017-04-10 16:26:56,403] [WARNING] basehttp : "GET /favicon.ico HTTP/1.1" 404 3478
[2017-04-10 16:26:56,403] [WARNING] basehttp : "GET /favicon.ico HTTP/1.1" 404 3478
[2017-04-10 16:27:19,726] [INFO] basehttp : "GET /?username=111 HTTP/1.1" 200 1471
[2017-04-10 16:27:19,726] [INFO] basehttp : "GET /?username=111 HTTP/1.1" 200 1471
[2017-04-10 16:27:29,089] [INFO] basehttp : "POST /login_action/ HTTP/1.1" 302 0
[2017-04-10 16:27:29,089] [INFO] basehttp : "POST /login_action/ HTTP/1.1" 302 0
[2017-04-10 16:27:29,139] [INFO] basehttp : "GET /event_manage/ HTTP/1.1" 200 6491
[2017-04-10 16:27:29,139] [INFO] basehttp : "GET /event_manage/ HTTP/1.1" 200 6491
[2017-12-13 11:34:04,056] [INFO] basehttp : "GET / HTTP/1.1" 200 1471
[2017-12-13 11:34:04,056] [INFO] basehttp : "GET / HTTP/1.1" 200 1471
[2017-12-13 11:34:04,386] [WARNING] basehttp : "GET /favicon.ico HTTP/1.1" 404 3504
[2017-12-13 11:34:04,386] [WARNING] basehttp : "GET /favicon.ico HTTP/1.1" 404 3504
[2017-12-13 11:34:10,846] [INFO] basehttp : "POST /login_action/ HTTP/1.1" 302 0
[2017-12-13 11:34:10,846] [INFO] basehttp : "POST /login_action/ HTTP/1.1" 302 0
[2017-12-13 11:34:10,888] [INFO] basehttp : "GET /event_manage/ HTTP/1.1" 200 3952
[2017-12-13 11:34:10,888] [INFO] basehttp : "GET /event_manage/ HTTP/1.1" 200 3952
[2017-12-13 11:34:15,243] [INFO] basehttp : "GET /guest_manage/ HTTP/1.1" 200 3970
[2017-12-13 11:34:15,243] [INFO] basehttp : "GET /guest_manage/ HTTP/1.1" 200 3970
[2017-12-13 11:34:19,540] [INFO] basehttp : "GET /guest_manage/?page=2 HTTP/1.1" 200 3680
[2017-12-13 11:34:19,540] [INFO] basehttp : "GET /guest_manage/?page=2 HTTP/1.1" 200 3680
[2017-12-13 11:34:21,516] [INFO] basehttp : "GET /guest_manage/?phone=&page=1 HTTP/1.1" 200 3970
[2017-12-13 11:34:21,516] [INFO] basehttp : "GET /guest_manage/?phone=&page=1 HTTP/1.1" 200 3970
[2017-12-13 11:34:26,275] [INFO] basehttp : "GET /search_phone/?phone=1 HTTP/1.1" 200 4181
[2017-12-13 11:34:26,275] [INFO] basehttp : "GET /search_phone/?phone=1 HTTP/1.1" 200 4181
[2017-12-13 11:34:32,727] [INFO] basehttp : "GET /search_phone/?phone= HTTP/1.1" 200 4181
[2017-12-13 11:34:32,727] [INFO] basehttp : "GET /search_phone/?phone= HTTP/1.1" 200 4181
[2017-12-13 11:34:34,552] [INFO] basehttp : "GET /search_phone/?phone= HTTP/1.1" 200 4181
[2017-12-13 11:34:34,552] [INFO] basehttp : "GET /search_phone/?phone= HTTP/1.1" 200 4181
[2017-12-13 11:34:37,335] [INFO] basehttp : "GET /event_manage/ HTTP/1.1" 200 3952
[2017-12-13 11:34:37,335] [INFO] basehttp : "GET /event_manage/ HTTP/1.1" 200 3952
[2017-12-13 11:34:38,177] [INFO] basehttp : "GET /guest_manage/ HTTP/1.1" 200 3970
[2017-12-13 11:34:38,177] [INFO] basehttp : "GET /guest_manage/ HTTP/1.1" 200 3970
[2017-12-13 11:34:40,668] [INFO] basehttp : "GET /guest_manage/?page=2 HTTP/1.1" 200 3680
[2017-12-13 11:34:40,668] [INFO] basehttp : "GET /guest_manage/?page=2 HTTP/1.1" 200 3680
[2017-12-13 11:34:42,354] [INFO] basehttp : "GET /guest_manage/?phone=&page=1 HTTP/1.1" 200 3970
[2017-12-13 11:34:42,354] [INFO] basehttp : "GET /guest_manage/?phone=&page=1 HTTP/1.1" 200 3970
[2017-12-28 10:04:57,773] [INFO] basehttp : "GET /api/get_event_list/?eid=1 HTTP/1.1" 200 206
[2017-12-28 10:04:57,773] [INFO] basehttp : "GET /api/get_event_list/?eid=1 HTTP/1.1" 200 206
[2017-12-28 10:05:03,587] [INFO] basehttp : "GET /api/get_event_list/?eid=2 HTTP/1.1" 200 206
[2017-12-28 10:05:03,587] [INFO] basehttp : "GET /api/get_event_list/?eid=2 HTTP/1.1" 200 206
[2017-12-28 10:05:10,982] [INFO] basehttp : "POST /api/user_sign/?eid=1&phone=11111 HTTP/1.1" 200 47
[2017-12-28 10:05:10,982] [INFO] basehttp : "POST /api/user_sign/?eid=1&phone=11111 HTTP/1.1" 200 47
[2017-12-28 10:05:28,148] [INFO] basehttp : "GET /api/get_guest_list/?eid=1 HTTP/1.1" 200 221
[2017-12-28 10:05:28,148] [INFO] basehttp : "GET /api/get_guest_list/?eid=1 HTTP/1.1" 200 221
[2017-12-28 10:06:18,046] [INFO] basehttp : "POST /api/user_sign/?eid=1&phone=18011001102 HTTP/1.1" 200 47
[2017-12-28 10:06:18,046] [INFO] basehttp : "POST /api/user_sign/?eid=1&phone=18011001102 HTTP/1.1" 200 47
[2017-12-28 10:06:19,179] [INFO] basehttp : "POST /api/user_sign/?eid=1&phone=18011001102 HTTP/1.1" 200 47
[2017-12-28 10:06:19,179] [INFO] basehttp : "POST /api/user_sign/?eid=1&phone=18011001102 HTTP/1.1" 200 47
[2017-12-28 10:06:19,957] [INFO] basehttp : "POST /api/user_sign/?eid=1&phone=18011001102 HTTP/1.1" 200 47
[2017-12-28 10:06:19,957] [INFO] basehttp : "POST /api/user_sign/?eid=1&phone=18011001102 HTTP/1.1" 200 47
[2017-12-28 10:06:32,115] [INFO] basehttp : "POST /api/user_sign/?eid=1 HTTP/1.1" 200 47
[2017-12-28 10:06:32,115] [INFO] basehttp : "POST /api/user_sign/?eid=1 HTTP/1.1" 200 47
[2017-12-28 10:06:32,983] [INFO] basehttp : "POST /api/user_sign/?eid=1 HTTP/1.1" 200 47
[2017-12-28 10:06:32,983] [INFO] basehttp : "POST /api/user_sign/?eid=1 HTTP/1.1" 200 47
[2017-12-28 10:06:33,647] [INFO] basehttp : "POST /api/user_sign/?eid=1 HTTP/1.1" 200 47
[2017-12-28 10:06:33,647] [INFO] basehttp : "POST /api/user_sign/?eid=1 HTTP/1.1" 200 47
[2017-12-28 10:06:40,901] [INFO] basehttp : "POST /api/user_sign/?eid=1&phone=18011001102 HTTP/1.1" 200 47
[2017-12-28 10:06:40,901] [INFO] basehttp : "POST /api/user_sign/?eid=1&phone=18011001102 HTTP/1.1" 200 47
[2017-12-28 10:06:57,270] [INFO] basehttp : "GET /api/get_guest_list/?eid=1&phone=18011001102 HTTP/1.1" 200 132
[2017-12-28 10:06:57,270] [INFO] basehttp : "GET /api/get_guest_list/?eid=1&phone=18011001102 HTTP/1.1" 200 132
[2017-12-28 10:37:28,385] [INFO] basehttp : "POST /api/user_sign/?eid=1&phone=11111 HTTP/1.1" 200 47
[2017-12-28 10:37:28,385] [INFO] basehttp : "POST /api/user_sign/?eid=1&phone=11111 HTTP/1.1" 200 47
[2017-12-28 10:37:30,306] [INFO] basehttp : "POST /api/user_sign/?eid=1&phone=11111 HTTP/1.1" 200 47
[2017-12-28 10:37:30,306] [INFO] basehttp : "POST /api/user_sign/?eid=1&phone=11111 HTTP/1.1" 200 47
[2017-12-28 10:37:54,566] [INFO] basehttp : "POST /api/user_sign/?eid=1&phone=11111 HTTP/1.1" 200 47
[2017-12-28 10:37:54,566] [INFO] basehttp : "POST /api/user_sign/?eid=1&phone=11111 HTTP/1.1" 200 47
[2017-12-28 10:38:11,103] [INFO] basehttp : "POST /api/add_event/?eid=3&name=edrain12&limit=122&address=CQ&start_time=2017-12-29%2017:56:56 HTTP/1.1" 200 47
[2017-12-28 10:38:11,103] [INFO] basehttp : "POST /api/add_event/?eid=3&name=edrain12&limit=122&address=CQ&start_time=2017-12-29%2017:56:56 HTTP/1.1" 200 47
[2017-12-28 10:38:12,208] [INFO] basehttp : "POST /api/add_event/?eid=3&name=edrain12&limit=122&address=CQ&start_time=2017-12-29%2017:56:56 HTTP/1.1" 200 47
[2017-12-28 10:38:12,208] [INFO] basehttp : "POST /api/add_event/?eid=3&name=edrain12&limit=122&address=CQ&start_time=2017-12-29%2017:56:56 HTTP/1.1" 200 47
[2017-12-28 10:38:18,764] [INFO] basehttp : "GET /api/get_guest_list/?eid=1&phone=11111 HTTP/1.1" 200 53
[2017-12-28 10:38:18,764] [INFO] basehttp : "GET /api/get_guest_list/?eid=1&phone=11111 HTTP/1.1" 200 53
[2017-12-28 10:38:28,742] [INFO] basehttp : "POST /api/add_guest/?eid=1&realname=add01&phone=add01 HTTP/1.1" 200 47
[2017-12-28 10:38:28,742] [INFO] basehttp : "POST /api/add_guest/?eid=1&realname=add01&phone=add01 HTTP/1.1" 200 47
[2017-12-28 10:38:29,853] [INFO] basehttp : "POST /api/add_guest/?eid=1&realname=add01&phone=add01 HTTP/1.1" 200 47
[2017-12-28 10:38:29,853] [INFO] basehttp : "POST /api/add_guest/?eid=1&realname=add01&phone=add01 HTTP/1.1" 200 47
[2017-12-28 10:39:32,903] [INFO] basehttp : "GET /api/user_sign/?eid=1&phone=11111 HTTP/1.1" 200 47
[2017-12-28 10:39:32,903] [INFO] basehttp : "GET /api/user_sign/?eid=1&phone=11111 HTTP/1.1" 200 47
[2017-12-28 10:39:33,606] [INFO] basehttp : "GET /api/user_sign/?eid=1&phone=11111 HTTP/1.1" 200 47
[2017-12-28 10:39:33,606] [INFO] basehttp : "GET /api/user_sign/?eid=1&phone=11111 HTTP/1.1" 200 47
[2017-12-28 10:39:44,622] [INFO] basehttp : "POST /api/user_sign/ HTTP/1.1" 200 49
[2017-12-28 10:39:44,622] [INFO] basehttp : "POST /api/user_sign/ HTTP/1.1" 200 49
[2017-12-28 10:39:55,716] [INFO] basehttp : "POST /api/user_sign/ HTTP/1.1" 200 49
[2017-12-28 10:39:55,716] [INFO] basehttp : "POST /api/user_sign/ HTTP/1.1" 200 49
[2017-12-28 10:40:06,955] [INFO] basehttp : "POST /api/user_sign/?eid=1&phone=11111 HTTP/1.1" 200 47
[2017-12-28 10:40:06,955] [INFO] basehttp : "POST /api/user_sign/?eid=1&phone=11111 HTTP/1.1" 200 47
[2017-12-28 10:40:50,806] [INFO] basehttp : "POST /api/user_sign/ HTTP/1.1" 200 49
[2017-12-28 10:40:50,806] [INFO] basehttp : "POST /api/user_sign/ HTTP/1.1" 200 49
[2017-12-28 10:41:06,434] [INFO] basehttp : "POST /api/user_sign/ HTTP/1.1" 200 49
[2017-12-28 10:41:06,434] [INFO] basehttp : "POST /api/user_sign/ HTTP/1.1" 200 49
[2017-12-28 10:41:32,926] [INFO] basehttp : "GET /api/get_guest_list/?eid=1 HTTP/1.1" 200 221
[2017-12-28 10:41:32,926] [INFO] basehttp : "GET /api/get_guest_list/?eid=1 HTTP/1.1" 200 221
[2017-12-28 10:42:55,461] [INFO] basehttp : "GET /api/get_guest_list/?eid=1 HTTP/1.1" 200 221
[2017-12-28 10:42:55,461] [INFO] basehttp : "GET /api/get_guest_list/?eid=1 HTTP/1.1" 200 221
[2017-12-28 10:42:59,775] [INFO] basehttp : "GET /api/get_guest_list/?eid=3 HTTP/1.1" 200 53
[2017-12-28 10:42:59,775] [INFO] basehttp : "GET /api/get_guest_list/?eid=3 HTTP/1.1" 200 53
[2017-12-28 10:44:41,666] [INFO] basehttp : "POST /api/user_sign/ HTTP/1.1" 200 49
[2017-12-28 10:44:41,666] [INFO] basehttp : "POST /api/user_sign/ HTTP/1.1" 200 49
[2017-12-28 10:44:41,677] [INFO] basehttp : "POST /api/add_guest/ HTTP/1.1" 200 49
[2017-12-28 10:44:41,677] [INFO] basehttp : "POST /api/add_guest/ HTTP/1.1" 200 49
[2017-12-28 10:45:14,145] [INFO] basehttp : "GET /api/get_event_list/?eid=3 HTTP/1.1" 200 53
[2017-12-28 10:45:14,145] [INFO] basehttp : "GET /api/get_event_list/?eid=3 HTTP/1.1" 200 53
[2017-12-28 10:45:25,887] [INFO] basehttp : "GET /api/get_event_list/?eid=1 HTTP/1.1" 200 206
[2017-12-28 10:45:25,887] [INFO] basehttp : "GET /api/get_event_list/?eid=1 HTTP/1.1" 200 206
[2017-12-28 10:45:33,200] [INFO] basehttp : "GET /api/get_guest_list/?eid=1 HTTP/1.1" 200 221
[2017-12-28 10:45:33,200] [INFO] basehttp : "GET /api/get_guest_list/?eid=1 HTTP/1.1" 200 221
[2017-12-28 10:46:07,989] [INFO] basehttp : "POST /api/user_sign/ HTTP/1.1" 200 49
[2017-12-28 10:46:07,989] [INFO] basehttp : "POST /api/user_sign/ HTTP/1.1" 200 49
[2017-12-28 10:46:07,996] [INFO] basehttp : "POST /api/add_guest/ HTTP/1.1" 200 45
[2017-12-28 10:46:07,996] [INFO] basehttp : "POST /api/add_guest/ HTTP/1.1" 200 45
[2017-12-28 10:51:42,337] [INFO] basehttp : "GET /api/user_sign/? HTTP/1.1" 200 47
[2017-12-28 10:51:42,337] [INFO] basehttp : "GET /api/user_sign/? HTTP/1.1" 200 47
[2017-12-28 10:51:42,963] [INFO] basehttp : "GET /api/user_sign/? HTTP/1.1" 200 47
[2017-12-28 10:51:42,963] [INFO] basehttp : "GET /api/user_sign/? HTTP/1.1" 200 47
[2017-12-28 10:51:43,317] [INFO] basehttp : "GET /api/user_sign/? HTTP/1.1" 200 47
[2017-12-28 10:51:43,317] [INFO] basehttp : "GET /api/user_sign/? HTTP/1.1" 200 47
[2017-12-28 10:51:43,541] [INFO] basehttp : "GET /api/user_sign/? HTTP/1.1" 200 47
[2017-12-28 10:51:43,541] [INFO] basehttp : "GET /api/user_sign/? HTTP/1.1" 200 47
[2017-12-28 10:51:47,063] [INFO] basehttp : "GET /api/user_sign/?eid=1 HTTP/1.1" 200 47
[2017-12-28 10:51:47,063] [INFO] basehttp : "GET /api/user_sign/?eid=1 HTTP/1.1" 200 47
[2017-12-28 10:51:51,784] [INFO] basehttp : "GET /api/user_sign/?eid=1&phone=11111 HTTP/1.1" 200 47
[2017-12-28 10:51:51,784] [INFO] basehttp : "GET /api/user_sign/?eid=1&phone=11111 HTTP/1.1" 200 47
[2017-12-28 10:51:54,434] [INFO] basehttp : "GET /api/user_sign/?eid=1&phone=11111 HTTP/1.1" 200 47
[2017-12-28 10:51:54,434] [INFO] basehttp : "GET /api/user_sign/?eid=1&phone=11111 HTTP/1.1" 200 47
[2017-12-28 10:51:54,939] [INFO] basehttp : "GET /api/user_sign/?eid=1&phone=11111 HTTP/1.1" 200 47
[2017-12-28 10:51:54,939] [INFO] basehttp : "GET /api/user_sign/?eid=1&phone=11111 HTTP/1.1" 200 47
[2017-12-28 10:51:55,292] [INFO] basehttp : "GET /api/user_sign/?eid=1&phone=11111 HTTP/1.1" 200 47
[2017-12-28 10:51:55,292] [INFO] basehttp : "GET /api/user_sign/?eid=1&phone=11111 HTTP/1.1" 200 47
[2017-12-28 10:51:55,500] [INFO] basehttp : "GET /api/user_sign/?eid=1&phone=11111 HTTP/1.1" 200 47
[2017-12-28 10:51:55,500] [INFO] basehttp : "GET /api/user_sign/?eid=1&phone=11111 HTTP/1.1" 200 47
[2017-12-28 10:51:55,728] [INFO] basehttp : "GET /api/user_sign/?eid=1&phone=11111 HTTP/1.1" 200 47
[2017-12-28 10:51:55,728] [INFO] basehttp : "GET /api/user_sign/?eid=1&phone=11111 HTTP/1.1" 200 47
[2017-12-28 10:51:55,942] [INFO] basehttp : "GET /api/user_sign/?eid=1&phone=11111 HTTP/1.1" 200 47
[2017-12-28 10:51:55,942] [INFO] basehttp : "GET /api/user_sign/?eid=1&phone=11111 HTTP/1.1" 200 47
[2017-12-28 10:51:56,164] [INFO] basehttp : "GET /api/user_sign/?eid=1&phone=11111 HTTP/1.1" 200 47
[2017-12-28 10:51:56,164] [INFO] basehttp : "GET /api/user_sign/?eid=1&phone=11111 HTTP/1.1" 200 47
[2017-12-28 10:51:56,385] [INFO] basehttp : "GET /api/user_sign/?eid=1&phone=11111 HTTP/1.1" 200 47
[2017-12-28 10:51:56,385] [INFO] basehttp : "GET /api/user_sign/?eid=1&phone=11111 HTTP/1.1" 200 47
[2017-12-28 10:51:56,498] [INFO] basehttp : "GET /api/user_sign/?eid=1&phone=11111 HTTP/1.1" 200 47
[2017-12-28 10:51:56,498] [INFO] basehttp : "GET /api/user_sign/?eid=1&phone=11111 HTTP/1.1" 200 47
[2017-12-28 10:51:56,662] [INFO] basehttp : "GET /api/user_sign/?eid=1&phone=11111 HTTP/1.1" 200 47
[2017-12-28 10:51:56,662] [INFO] basehttp : "GET /api/user_sign/?eid=1&phone=11111 HTTP/1.1" 200 47
[2017-12-28 10:51:56,832] [INFO] basehttp : "GET /api/user_sign/?eid=1&phone=11111 HTTP/1.1" 200 47
[2017-12-28 10:51:56,832] [INFO] basehttp : "GET /api/user_sign/?eid=1&phone=11111 HTTP/1.1" 200 47
[2017-12-28 10:51:56,949] [INFO] basehttp : "GET /api/user_sign/?eid=1&phone=11111 HTTP/1.1" 200 47
[2017-12-28 10:51:56,949] [INFO] basehttp : "GET /api/user_sign/?eid=1&phone=11111 HTTP/1.1" 200 47
[2017-12-28 10:51:57,095] [INFO] basehttp : "GET /api/user_sign/?eid=1&phone=11111 HTTP/1.1" 200 47
[2017-12-28 10:51:57,095] [INFO] basehttp : "GET /api/user_sign/?eid=1&phone=11111 HTTP/1.1" 200 47
[2017-12-28 10:51:57,144] [INFO] basehttp : "GET /api/user_sign/?eid=1&phone=11111 HTTP/1.1" 200 47
[2017-12-28 10:51:57,144] [INFO] basehttp : "GET /api/user_sign/?eid=1&phone=11111 HTTP/1.1" 200 47
[2017-12-28 10:51:57,329] [INFO] basehttp : "GET /api/user_sign/?eid=1&phone=11111 HTTP/1.1" 200 47
[2017-12-28 10:51:57,329] [INFO] basehttp : "GET /api/user_sign/?eid=1&phone=11111 HTTP/1.1" 200 47
[2017-12-28 10:51:57,465] [INFO] basehttp : "GET /api/user_sign/?eid=1&phone=11111 HTTP/1.1" 200 47
[2017-12-28 10:51:57,465] [INFO] basehttp : "GET /api/user_sign/?eid=1&phone=11111 HTTP/1.1" 200 47
[2017-12-28 10:51:57,510] [INFO] basehttp : "GET /api/user_sign/?eid=1&phone=11111 HTTP/1.1" 200 47
[2017-12-28 10:51:57,510] [INFO] basehttp : "GET /api/user_sign/?eid=1&phone=11111 HTTP/1.1" 200 47
[2017-12-28 10:51:57,657] [INFO] basehttp : "GET /api/user_sign/?eid=1&phone=11111 HTTP/1.1" 200 47
[2017-12-28 10:51:57,657] [INFO] basehttp : "GET /api/user_sign/?eid=1&phone=11111 HTTP/1.1" 200 47
[2017-12-28 10:51:57,874] [INFO] basehttp : "GET /api/user_sign/?eid=1&phone=11111 HTTP/1.1" 200 47
[2017-12-28 10:51:57,874] [INFO] basehttp : "GET /api/user_sign/?eid=1&phone=11111 HTTP/1.1" 200 47
[2017-12-28 10:52:09,545] [INFO] basehttp : "GET /api/user_sign/?eid=1&phone=18011001100 HTTP/1.1" 200 47
[2017-12-28 10:52:09,545] [INFO] basehttp : "GET /api/user_sign/?eid=1&phone=18011001100 HTTP/1.1" 200 47
[2017-12-28 10:52:13,309] [INFO] basehttp : "GET /api/user_sign/?eid=1&phone=18011001100 HTTP/1.1" 200 47
[2017-12-28 10:52:13,309] [INFO] basehttp : "GET /api/user_sign/?eid=1&phone=18011001100 HTTP/1.1" 200 47
[2017-12-28 11:02:02,036] [INFO] basehttp : "POST /api/user_sign/ HTTP/1.1" 200 49
[2017-12-28 11:02:02,036] [INFO] basehttp : "POST /api/user_sign/ HTTP/1.1" 200 49
[2017-12-28 11:02:02,041] [INFO] basehttp : "POST /api/add_guest/ HTTP/1.1" 200 45
[2017-12-28 11:02:02,041] [INFO] basehttp : "POST /api/add_guest/ HTTP/1.1" 200 45
[2018-01-05 15:16:02,006] [INFO] basehttp : "GET / HTTP/1.1" 200 1471
[2018-01-05 15:16:02,006] [INFO] basehttp : "GET / HTTP/1.1" 200 1471
[2018-01-05 17:24:09,465] [INFO] basehttp : "GET / HTTP/1.1" 200 1471
[2018-01-05 17:24:09,465] [INFO] basehttp : "GET / HTTP/1.1" 200 1471
[2018-01-05 17:24:09,765] [WARNING] basehttp : "GET /favicon.ico HTTP/1.1" 404 3508
[2018-01-05 17:24:09,765] [WARNING] basehttp : "GET /favicon.ico HTTP/1.1" 404 3508
[2018-01-05 17:43:14,388] [INFO] basehttp : "GET / HTTP/1.1" 200 1471
[2018-01-05 17:43:14,388] [INFO] basehttp : "GET / HTTP/1.1" 200 1471
[2018-01-05 17:43:14,859] [WARNING] basehttp : "GET /favicon.ico HTTP/1.1" 404 3508
[2018-01-05 17:43:14,859] [WARNING] basehttp : "GET /favicon.ico HTTP/1.1" 404 3508
[2018-01-05 17:49:01,214] [INFO] basehttp : "GET / HTTP/1.1" 200 1471
[2018-01-05 17:49:01,214] [INFO] basehttp : "GET / HTTP/1.1" 200 1471
[2018-01-05 17:49:01,890] [INFO] basehttp : "GET / HTTP/1.1" 200 1471
[2018-01-05 17:49:01,890] [INFO] basehttp : "GET / HTTP/1.1" 200 1471
[2018-01-05 17:49:02,358] [INFO] basehttp : "GET / HTTP/1.1" 200 1471
[2018-01-05 17:49:02,358] [INFO] basehttp : "GET / HTTP/1.1" 200 1471
[2018-01-05 17:49:02,794] [INFO] basehttp : "GET / HTTP/1.1" 200 1471
[2018-01-05 17:49:02,794] [INFO] basehttp : "GET / HTTP/1.1" 200 1471
[2018-01-05 17:49:03,081] [INFO] basehttp : "GET / HTTP/1.1" 200 1471
[2018-01-05 17:49:03,081] [INFO] basehttp : "GET / HTTP/1.1" 200 1471
[2018-01-05 17:49:03,361] [INFO] basehttp : "GET / HTTP/1.1" 200 1471
[2018-01-05 17:49:03,361] [INFO] basehttp : "GET / HTTP/1.1" 200 1471
[2018-01-05 17:49:03,675] [INFO] basehttp : "GET / HTTP/1.1" 200 1471
[2018-01-05 17:49:03,675] [INFO] basehttp : "GET / HTTP/1.1" 200 1471
[2018-01-05 18:06:42,710] [INFO] basehttp : "GET / HTTP/1.1" 200 1471
[2018-01-05 18:06:42,710] [INFO] basehttp : "GET / HTTP/1.1" 200 1471
[2018-01-05 18:06:46,603] [INFO] basehttp : "GET / HTTP/1.1" 200 1471
[2018-01-05 18:06:46,603] [INFO] basehttp : "GET / HTTP/1.1" 200 1471
[2018-01-05 18:06:47,935] [INFO] basehttp : "GET / HTTP/1.1" 200 1471
[2018-01-05 18:06:47,935] [INFO] basehttp : "GET / HTTP/1.1" 200 1471
[2018-01-05 18:14:05,587] [INFO] basehttp : "GET / HTTP/1.1" 200 1471
[2018-01-05 18:14:05,587] [INFO] basehttp : "GET / HTTP/1.1" 200 1471
[2018-01-05 18:14:05,752] [WARNING] basehttp : "GET /favicon.ico HTTP/1.1" 404 3509
[2018-01-05 18:14:05,752] [WARNING] basehttp : "GET /favicon.ico HTTP/1.1" 404 3509
[2018-01-05 18:16:00,316] [INFO] basehttp : "GET / HTTP/1.1" 200 1471
[2018-01-05 18:16:00,316] [INFO] basehttp : "GET / HTTP/1.1" 200 1471
[2018-01-05 18:16:00,782] [WARNING] basehttp : "GET /favicon.ico HTTP/1.1" 404 3509
[2018-01-05 18:16:00,782] [WARNING] basehttp : "GET /favicon.ico HTTP/1.1" 404 3509
[2018-01-05 18:16:11,951] [INFO] basehttp : "POST /login_action/ HTTP/1.1" 302 0
[2018-01-05 18:16:11,951] [INFO] basehttp : "POST /login_action/ HTTP/1.1" 302 0
[2018-01-05 18:16:12,051] [INFO] basehttp : "GET /event_manage/ HTTP/1.1" 200 3952
[2018-01-05 18:16:12,051] [INFO] basehttp : "GET /event_manage/ HTTP/1.1" 200 3952
[2018-01-05 18:17:34,739] [INFO] basehttp : "GET / HTTP/1.1" 200 1471
[2018-01-05 18:17:34,739] [INFO] basehttp : "GET / HTTP/1.1" 200 1471
[2018-01-05 18:23:19,259] [INFO] basehttp : "GET / HTTP/1.1" 200 1471
[2018-01-05 18:23:19,259] [INFO] basehttp : "GET / HTTP/1.1" 200 1471
[2018-01-05 18:23:19,922] [INFO] basehttp : "GET / HTTP/1.1" 200 1471
[2018-01-05 18:23:19,922] [INFO] basehttp : "GET / HTTP/1.1" 200 1471
[2018-01-05 18:23:20,226] [INFO] basehttp : "GET / HTTP/1.1" 200 1471
[2018-01-05 18:23:20,226] [INFO] basehttp : "GET / HTTP/1.1" 200 1471
[2018-01-05 18:23:20,381] [INFO] basehttp : "GET / HTTP/1.1" 200 1471
[2018-01-05 18:23:20,381] [INFO] basehttp : "GET / HTTP/1.1" 200 1471
[2018-01-05 18:23:21,666] [INFO] basehttp : "GET / HTTP/1.1" 200 1471
[2018-01-05 18:23:21,666] [INFO] basehttp : "GET / HTTP/1.1" 200 1471
[2018-01-05 18:23:21,852] [WARNING] basehttp : "GET /favicon.ico HTTP/1.1" 404 3508
[2018-01-05 18:23:21,852] [WARNING] basehttp : "GET /favicon.ico HTTP/1.1" 404 3508
[2018-01-05 18:23:22,261] [INFO] basehttp : "GET / HTTP/1.1" 200 1471
[2018-01-05 18:23:22,261] [INFO] basehttp : "GET / HTTP/1.1" 200 1471
[2018-01-05 18:23:22,395] [WARNING] basehttp : "GET /favicon.ico HTTP/1.1" 404 3508
[2018-01-05 18:23:22,395] [WARNING] basehttp : "GET /favicon.ico HTTP/1.1" 404 3508
[2018-01-05 18:23:22,747] [INFO] basehttp : "GET / HTTP/1.1" 200 1471
[2018-01-05 18:23:22,747] [INFO] basehttp : "GET / HTTP/1.1" 200 1471
[2018-01-05 18:23:22,856] [WARNING] basehttp : "GET /favicon.ico HTTP/1.1" 404 3508
[2018-01-05 18:23:22,856] [WARNING] basehttp : "GET /favicon.ico HTTP/1.1" 404 3508
[2018-01-05 18:23:22,933] [INFO] basehttp : "GET / HTTP/1.1" 200 1471
[2018-01-05 18:23:22,933] [INFO] basehttp : "GET / HTTP/1.1" 200 1471
[2018-01-05 18:23:23,046] [WARNING] basehttp : "GET /favicon.ico HTTP/1.1" 404 3508
[2018-01-05 18:23:23,046] [WARNING] basehttp : "GET /favicon.ico HTTP/1.1" 404 3508
[2018-01-05 18:23:23,108] [INFO] basehttp : "GET / HTTP/1.1" 200 1471
[2018-01-05 18:23:23,108] [INFO] basehttp : "GET / HTTP/1.1" 200 1471
[2018-01-05 18:23:23,246] [WARNING] basehttp : "GET /favicon.ico HTTP/1.1" 404 3508
[2018-01-05 18:23:23,246] [WARNING] basehttp : "GET /favicon.ico HTTP/1.1" 404 3508
[2018-01-05 18:23:23,259] [INFO] basehttp : "GET / HTTP/1.1" 200 1471
[2018-01-05 18:23:23,259] [INFO] basehttp : "GET / HTTP/1.1" 200 1471
[2018-01-05 18:23:23,364] [WARNING] basehttp : "GET /favicon.ico HTTP/1.1" 404 3508
[2018-01-05 18:23:23,364] [WARNING] basehttp : "GET /favicon.ico HTTP/1.1" 404 3508
[2018-01-05 18:23:23,849] [INFO] basehttp : "GET / HTTP/1.1" 200 1471
[2018-01-05 18:23:23,849] [INFO] basehttp : "GET / HTTP/1.1" 200 1471
[2018-01-05 18:23:23,952] [WARNING] basehttp : "GET /favicon.ico HTTP/1.1" 404 3508
[2018-01-05 18:23:23,952] [WARNING] basehttp : "GET /favicon.ico HTTP/1.1" 404 3508
[2018-01-05 18:23:24,033] [INFO] basehttp : "GET / HTTP/1.1" 200 1471
[2018-01-05 18:23:24,033] [INFO] basehttp : "GET / HTTP/1.1" 200 1471
[2018-01-05 18:23:24,144] [WARNING] basehttp : "GET /favicon.ico HTTP/1.1" 404 3508
[2018-01-05 18:23:24,144] [WARNING] basehttp : "GET /favicon.ico HTTP/1.1" 404 3508
[2018-01-05 18:23:24,206] [INFO] basehttp : "GET / HTTP/1.1" 200 1471
[2018-01-05 18:23:24,206] [INFO] basehttp : "GET / HTTP/1.1" 200 1471
[2018-01-05 18:23:24,338] [WARNING] basehttp : "GET /favicon.ico HTTP/1.1" 404 3508
[2018-01-05 18:23:24,338] [WARNING] basehttp : "GET /favicon.ico HTTP/1.1" 404 3508
[2018-01-05 18:23:24,353] [INFO] basehttp : "GET / HTTP/1.1" 200 1471
[2018-01-05 18:23:24,353] [INFO] basehttp : "GET / HTTP/1.1" 200 1471
[2018-01-05 18:23:24,491] [WARNING] basehttp : "GET /favicon.ico HTTP/1.1" 404 3508
[2018-01-05 18:23:24,491] [WARNING] basehttp : "GET /favicon.ico HTTP/1.1" 404 3508
[2018-01-05 18:23:24,635] [INFO] basehttp : "GET / HTTP/1.1" 200 1471
[2018-01-05 18:23:24,635] [INFO] basehttp : "GET / HTTP/1.1" 200 1471
[2018-01-05 18:23:24,811] [INFO] basehttp : "GET / HTTP/1.1" 200 1471
[2018-01-05 18:23:24,811] [INFO] basehttp : "GET / HTTP/1.1" 200 1471
[2018-01-05 18:23:24,922] [WARNING] basehttp : "GET /favicon.ico HTTP/1.1" 404 3508
[2018-01-05 18:23:24,922] [WARNING] basehttp : "GET /favicon.ico HTTP/1.1" 404 3508
[2018-01-05 18:23:25,000] [INFO] basehttp : "GET / HTTP/1.1" 200 1471
[2018-01-05 18:23:25,000] [INFO] basehttp : "GET / HTTP/1.1" 200 1471
[2018-01-05 18:23:25,114] [WARNING] basehttp : "GET /favicon.ico HTTP/1.1" 404 3508
[2018-01-05 18:23:25,114] [WARNING] basehttp : "GET /favicon.ico HTTP/1.1" 404 3508
[2018-01-05 18:23:25,148] [INFO] basehttp : "GET / HTTP/1.1" 200 1471
[2018-01-05 18:23:25,148] [INFO] basehttp : "GET / HTTP/1.1" 200 1471
[2018-01-05 18:23:25,261] [WARNING] basehttp : "GET /favicon.ico HTTP/1.1" 404 3508
[2018-01-05 18:23:25,261] [WARNING] basehttp : "GET /favicon.ico HTTP/1.1" 404 3508
[2018-01-05 18:23:25,281] [INFO] basehttp : "GET / HTTP/1.1" 200 1471
[2018-01-05 18:23:25,281] [INFO] basehttp : "GET / HTTP/1.1" 200 1471
[2018-01-05 18:23:25,394] [WARNING] basehttp : "GET /favicon.ico HTTP/1.1" 404 3508
[2018-01-05 18:23:25,394] [WARNING] basehttp : "GET /favicon.ico HTTP/1.1" 404 3508
[2018-01-05 18:23:25,419] [INFO] basehttp : "GET / HTTP/1.1" 200 1471
[2018-01-05 18:23:25,419] [INFO] basehttp : "GET / HTTP/1.1" 200 1471
[2018-01-05 18:23:25,533] [WARNING] basehttp : "GET /favicon.ico HTTP/1.1" 404 3508
[2018-01-05 18:23:25,533] [WARNING] basehttp : "GET /favicon.ico HTTP/1.1" 404 3508
